0 info it worked if it ends with ok
1 verbose cli [ '/usr/bin/node', '/usr/bin/npm', 'run', 'dev' ]
2 info using npm@3.5.2
3 info using node@v8.10.0
4 verbose run-script [ 'predev', 'dev', 'postdev' ]
5 info lifecycle nodejs-notes-app@1.0.0~predev: nodejs-notes-app@1.0.0
6 silly lifecycle nodejs-notes-app@1.0.0~predev: no script for predev, continuing
7 info lifecycle nodejs-notes-app@1.0.0~dev: nodejs-notes-app@1.0.0
8 verbose lifecycle nodejs-notes-app@1.0.0~dev: unsafe-perm in lifecycle true
9 verbose lifecycle nodejs-notes-app@1.0.0~dev: PATH: /usr/share/npm/bin/node-gyp-bin:/home/alex/Desktop/UCA/Ciclo II 2018/WEB/df/nodejs-notes-app/node_modules/.bin:/home/alex/bin:/home/alex/.local/bin:/usr/local/sbin:/usr/local/bin:/usr/sbin:/usr/bin:/sbin:/bin:/usr/games:/usr/local/games:/snap/bin:/usr/lib/jvm/java-8-oracle/bin:/usr/lib/jvm/java-8-oracle/db/bin:/usr/lib/jvm/java-8-oracle/jre/bin
10 verbose lifecycle nodejs-notes-app@1.0.0~dev: CWD: /home/alex/Desktop/UCA/Ciclo II 2018/WEB/df/nodejs-notes-app
11 silly lifecycle nodejs-notes-app@1.0.0~dev: Args: [ '-c', 'nodemon src/' ]
12 info lifecycle nodejs-notes-app@1.0.0~dev: Failed to exec dev script
13 verbose stack Error: nodejs-notes-app@1.0.0 dev: `nodemon src/`
13 verbose stack spawn ENOENT
13 verbose stack     at ChildProcess.<anonymous> (/usr/share/npm/lib/utils/spawn.js:17:16)
13 verbose stack     at emitTwo (events.js:126:13)
13 verbose stack     at ChildProcess.emit (events.js:214:7)
13 verbose stack     at maybeClose (internal/child_process.js:925:16)
13 verbose stack     at Process.ChildProcess._handle.onexit (internal/child_process.js:209:5)
14 verbose pkgid nodejs-notes-app@1.0.0
15 verbose cwd /home/alex/Desktop/UCA/Ciclo II 2018/WEB/df/nodejs-notes-app/src
16 error Linux 4.15.0-39-generic
17 error argv "/usr/bin/node" "/usr/bin/npm" "run" "dev"
18 error node v8.10.0
19 error npm  v3.5.2
20 error file sh
21 error code ELIFECYCLE
22 error errno ENOENT
23 error syscall spawn
24 error nodejs-notes-app@1.0.0 dev: `nodemon src/`
24 error spawn ENOENT
25 error Failed at the nodejs-notes-app@1.0.0 dev script 'nodemon src/'.
25 error Make sure you have the latest version of node.js and npm installed.
25 error If you do, this is most likely a problem with the nodejs-notes-app package,
25 error not with npm itself.
25 error Tell the author that this fails on your system:
25 error     nodemon src/
25 error You can get information on how to open an issue for this project with:
25 error     npm bugs nodejs-notes-app
25 error Or if that isn't available, you can get their info via:
25 error     npm owner ls nodejs-notes-app
25 error There is likely additional logging output above.
26 verbose exit [ 1, true ]
